  Character.cpp
C:\Users\hp\Documents\SDL2_Game\0. Project Template\EnemyBOSS.h(13,16): warning C4091: 'typedef ': ignored on left of 'FlagE_BOSS' when no variable is declared
  (compiling source file 'Character.cpp')
  
C:\Users\hp\Documents\SDL2_Game\0. Project Template\EnemyAZ.h(12,16): warning C4091: 'typedef ': ignored on left of 'FlagE_AZ' when no variable is declared
  (compiling source file 'Character.cpp')
  
C:\Users\hp\Documents\SDL2_Game\0. Project Template\EnemyCD.h(9,16): warning C4091: 'typedef ': ignored on left of 'FlagE_CD' when no variable is declared
  (compiling source file 'Character.cpp')
  
C:\Users\hp\Documents\SDL2_Game\0. Project Template\Character.h(14,16): warning C4091: 'typedef ': ignored on left of 'Flag' when no variable is declared
  (compiling source file 'Character.cpp')
  
C:\Users\hp\Documents\SDL2_Game\0. Project Template\Character.cpp(120,16): warning C4244: 'initializing': conversion from 'float' to 'int', possible loss of data
C:\Users\hp\Documents\SDL2_Game\0. Project Template\Character.cpp(121,22): warning C4244: 'argument': conversion from 'int' to 'float', possible loss of data
C:\Users\hp\Documents\SDL2_Game\0. Project Template\Character.cpp(128,14): warning C4244: 'initializing': conversion from 'float' to 'int', possible loss of data
C:\Users\hp\Documents\SDL2_Game\0. Project Template\Character.cpp(129,18): warning C4244: 'argument': conversion from 'int' to 'float', possible loss of data
C:\Users\hp\Documents\SDL2_Game\0. Project Template\Character.cpp(523,23): warning C4244: 'argument': conversion from 'float' to 'int', possible loss of data
C:\Users\hp\Documents\SDL2_Game\0. Project Template\Character.cpp(524,23): warning C4244: 'argument': conversion from 'float' to 'int', possible loss of data
  Main.cpp
C:\Users\hp\Documents\SDL2_Game\0. Project Template\EnemyBOSS.h(13,16): warning C4091: 'typedef ': ignored on left of 'FlagE_BOSS' when no variable is declared
  (compiling source file 'Main.cpp')
  
C:\Users\hp\Documents\SDL2_Game\0. Project Template\EnemyAZ.h(12,16): warning C4091: 'typedef ': ignored on left of 'FlagE_AZ' when no variable is declared
  (compiling source file 'Main.cpp')
  
C:\Users\hp\Documents\SDL2_Game\0. Project Template\EnemyCD.h(9,16): warning C4091: 'typedef ': ignored on left of 'FlagE_CD' when no variable is declared
  (compiling source file 'Main.cpp')
  
C:\Users\hp\Documents\SDL2_Game\0. Project Template\Character.h(14,16): warning C4091: 'typedef ': ignored on left of 'Flag' when no variable is declared
  (compiling source file 'Main.cpp')
  
C:\Users\hp\Documents\SDL2_Game\0. Project Template\Main.cpp(305,23): warning C4244: 'initializing': conversion from 'float' to 'int', possible loss of data
  Generating Code...
  0. Project Template.vcxproj -> C:\Users\hp\Documents\SDL2_Game\0. Project Template\x64\Debug\0. Project Template.exe
